c:\users\ash\dropbox\visual studio projects\cheat\cheat\debug\cheat.pch
c:\users\ash\dropbox\visual studio projects\cheat\cheat\debug\vc120.pdb
c:\users\ash\dropbox\visual studio projects\cheat\cheat\debug\vc120.idb
c:\users\ash\dropbox\visual studio projects\cheat\cheat\debug\stdafx.obj
c:\users\ash\dropbox\visual studio projects\cheat\cheat\debug\basicplayer.obj
c:\users\ash\dropbox\visual studio projects\cheat\cheat\debug\bid.obj
c:\users\ash\dropbox\visual studio projects\cheat\cheat\debug\card.obj
c:\users\ash\dropbox\visual studio projects\cheat\cheat\debug\cheat.obj
c:\users\ash\dropbox\visual studio projects\cheat\cheat\debug\deck.obj
c:\users\ash\dropbox\visual studio projects\cheat\cheat\debug\game.obj
c:\users\ash\dropbox\visual studio projects\cheat\cheat\debug\hand.obj
c:\users\ash\dropbox\visual studio projects\cheat\cheat\debug\humanplayer.obj
c:\users\ash\dropbox\visual studio projects\cheat\cheat\debug\player.obj
c:\users\ash\dropbox\visual studio projects\cheat\debug\cheat.ilk
c:\users\ash\dropbox\visual studio projects\cheat\debug\cheat.exe
c:\users\ash\dropbox\visual studio projects\cheat\debug\cheat.pdb
c:\users\ash\dropbox\visual studio projects\cheat\cheat\debug\cheat.tlog\cl.command.1.tlog
c:\users\ash\dropbox\visual studio projects\cheat\cheat\debug\cheat.tlog\cl.read.1.tlog
c:\users\ash\dropbox\visual studio projects\cheat\cheat\debug\cheat.tlog\cl.write.1.tlog
c:\users\ash\dropbox\visual studio projects\cheat\cheat\debug\cheat.tlog\link.command.1.tlog
c:\users\ash\dropbox\visual studio projects\cheat\cheat\debug\cheat.tlog\link.read.1.tlog
c:\users\ash\dropbox\visual studio projects\cheat\cheat\debug\cheat.tlog\link.write.1.tlog
