Build started 02/04/2014 14:37:21.
     1>Project "C:\Users\Ash\Dropbox\Visual Studio Projects\Cheat\Cheat\Cheat.vcxproj" on node 2 (Build target(s)).
     1>ClCompile:
         C:\Program Files (x86)\Microsoft Visual Studio 12.0\VC\bin\CL.exe /c /ZI /nologo /W3 /WX- /sdl /Od /Oy- /D WIN32 /D _DEBUG /D _CONSOLE /D _LIB /D _UNICODE /D UNICODE /Gm /EHsc /RTC1 /MDd /GS /fp:precise /Zc:wchar_t /Zc:forScope /Yc"stdafx.h" /Fp"Debug\Cheat.pch" /Fo"Debug\\" /Fd"Debug\vc120.pdb" /Gd /TP /analyze- /errorReport:prompt stdafx.cpp
         stdafx.cpp
         C:\Program Files (x86)\Microsoft Visual Studio 12.0\VC\bin\CL.exe /c /ZI /nologo /W3 /WX- /sdl /Od /Oy- /D WIN32 /D _DEBUG /D _CONSOLE /D _LIB /D _UNICODE /D UNICODE /Gm /EHsc /RTC1 /MDd /GS /fp:precise /Zc:wchar_t /Zc:forScope /Yu"stdafx.h" /Fp"Debug\Cheat.pch" /Fo"Debug\\" /Fd"Debug\vc120.pdb" /Gd /TP /analyze- /errorReport:prompt BasicPlayer.cpp Bid.cpp Card.cpp Cheat.cpp Deck.cpp Game.cpp Hand.cpp HumanPlayer.cpp Player.cpp
         Player.cpp
     1>c:\users\ash\dropbox\visual studio projects\cheat\cheat\hand.hh(27): warning C4018: '<' : signed/unsigned mismatch
     1>c:\users\ash\dropbox\visual studio projects\cheat\cheat\hand.hh(45): warning C4018: '<' : signed/unsigned mismatch
         HumanPlayer.cpp
     1>c:\users\ash\dropbox\visual studio projects\cheat\cheat\hand.hh(27): warning C4018: '<' : signed/unsigned mismatch
     1>c:\users\ash\dropbox\visual studio projects\cheat\cheat\hand.hh(45): warning C4018: '<' : signed/unsigned mismatch
         Hand.cpp
     1>c:\users\ash\dropbox\visual studio projects\cheat\cheat\hand.hh(27): warning C4018: '<' : signed/unsigned mismatch
     1>c:\users\ash\dropbox\visual studio projects\cheat\cheat\hand.hh(45): warning C4018: '<' : signed/unsigned mismatch
     1>c:\users\ash\dropbox\visual studio projects\cheat\cheat\hand.cpp(64): warning C4018: '<' : signed/unsigned mismatch
     1>c:\users\ash\dropbox\visual studio projects\cheat\cheat\hand.cpp(89): warning C4018: '<' : signed/unsigned mismatch
     1>c:\users\ash\dropbox\visual studio projects\cheat\cheat\hand.cpp(91): warning C4018: '<' : signed/unsigned mismatch
         Game.cpp
     1>c:\users\ash\dropbox\visual studio projects\cheat\cheat\deck.hh(21): warning C4101: 'counter' : unreferenced local variable
     1>c:\users\ash\dropbox\visual studio projects\cheat\cheat\hand.hh(27): warning C4018: '<' : signed/unsigned mismatch
     1>c:\users\ash\dropbox\visual studio projects\cheat\cheat\hand.hh(45): warning C4018: '<' : signed/unsigned mismatch
     1>c:\users\ash\dropbox\visual studio projects\cheat\cheat\game.cpp(50): warning C4018: '<' : signed/unsigned mismatch
     1>c:\users\ash\dropbox\visual studio projects\cheat\cheat\game.cpp(149): warning C4018: '<' : signed/unsigned mismatch
         Deck.cpp
     1>c:\users\ash\dropbox\visual studio projects\cheat\cheat\deck.hh(21): warning C4101: 'counter' : unreferenced local variable
         Cheat.cpp
     1>c:\users\ash\dropbox\visual studio projects\cheat\cheat\deck.hh(21): warning C4101: 'counter' : unreferenced local variable
     1>c:\users\ash\dropbox\visual studio projects\cheat\cheat\hand.hh(27): warning C4018: '<' : signed/unsigned mismatch
     1>c:\users\ash\dropbox\visual studio projects\cheat\cheat\hand.hh(45): warning C4018: '<' : signed/unsigned mismatch
         Card.cpp
         Bid.cpp
     1>c:\users\ash\dropbox\visual studio projects\cheat\cheat\hand.hh(27): warning C4018: '<' : signed/unsigned mismatch
     1>c:\users\ash\dropbox\visual studio projects\cheat\cheat\hand.hh(45): warning C4018: '<' : signed/unsigned mismatch
         BasicPlayer.cpp
     1>c:\users\ash\dropbox\visual studio projects\cheat\cheat\hand.hh(27): warning C4018: '<' : signed/unsigned mismatch
     1>c:\users\ash\dropbox\visual studio projects\cheat\cheat\hand.hh(45): warning C4018: '<' : signed/unsigned mismatch
         Generating Code...
     1>c:\users\ash\dropbox\visual studio projects\cheat\cheat\humanplayer.cpp(54): warning C4715: 'HumanPlayer::callCheat' : not all control paths return a value
     1>c:\users\ash\dropbox\visual studio projects\cheat\cheat\humanplayer.cpp(244): warning C4715: 'HumanPlayer::cheat' : not all control paths return a value
       Link:
         C:\Program Files (x86)\Microsoft Visual Studio 12.0\VC\bin\link.exe /ERRORREPORT:PROMPT /OUT:"C:\Users\Ash\Dropbox\Visual Studio Projects\Cheat\Debug\Cheat.exe" /INCREMENTAL /NOLOGO kernel32.lib user32.lib gdi32.lib winspool.lib comdlg32.lib advapi32.lib shell32.lib ole32.lib oleaut32.lib uuid.lib odbc32.lib odbccp32.lib /MANIFEST /MANIFESTUAC:"level='asInvoker' uiAccess='false'" /manifest:embed /DEBUG /PDB:"C:\Users\Ash\Dropbox\Visual Studio Projects\Cheat\Debug\Cheat.pdb" /SUBSYSTEM:CONSOLE /TLBID:1 /DYNAMICBASE /NXCOMPAT /IMPLIB:"C:\Users\Ash\Dropbox\Visual Studio Projects\Cheat\Debug\Cheat.lib" /MACHINE:X86 Debug\BasicPlayer.obj
         Debug\Bid.obj
         Debug\Card.obj
         Debug\Cheat.obj
         Debug\Deck.obj
         Debug\Game.obj
         Debug\Hand.obj
         Debug\HumanPlayer.obj
         Debug\Player.obj
         Debug\stdafx.obj
         Cheat.vcxproj -> C:\Users\Ash\Dropbox\Visual Studio Projects\Cheat\Debug\Cheat.exe
     1>Done Building Project "C:\Users\Ash\Dropbox\Visual Studio Projects\Cheat\Cheat\Cheat.vcxproj" (Build target(s)).

Build succeeded.

Time Elapsed 00:00:06.28
